PM LINUX REPORT - 2025-10-19T21:26:36+07:00
Host: beflexdev
Customer: devops
Output: /opt/00_sup/allops_scripts/logs/allops_pm_devops_beflexdev_20251019_212631.log
====================
OS: Ubuntu 24.04 (24.04.2 LTS (Noble Numbat))
Memory: total=16375256KB used=13557444KB free=313812KB shared=75076KB buff/cache=2916764KB
CPU Cores: 8
Disk Info:
Filesystem      Size  Used Avail Use% Mounted on
tmpfs           1.6G  4.2M  1.6G   1% /run
/dev/sda1       492G  160G  307G  35% /
tmpfs           7.9G     0  7.9G   0% /dev/shm
tmpfs           5.0M     0  5.0M   0% /run/lock
tmpfs           1.6G  156K  1.6G   1% /run/user/1000
/dev/sr0        6.0G  6.0G     0 100% /media/beflex/Ubuntu 24.04.2 LTS amd64
Storage Summary:
  Contentstore: 913352 KB
  APS: 0 KB
  Solr: 20156 KB
  PostgreSQL: 316 KB
